[0m17:44:07.490644 [debug] [MainThread]: Sending event: {'category': 'dbt', 'action': 'invocation', 'label': 'start', 'context': [<snowplow_tracker.self_describing_json.SelfDescribingJson object at 0x0000017546198C20>, <snowplow_tracker.self_describing_json.SelfDescribingJson object at 0x00000175472DBED0>, <snowplow_tracker.self_describing_json.SelfDescribingJson object at 0x00000175472DBB10>]}


============================== 17:44:07.522008 | d32425df-811b-4922-a9ea-67999f9bd789 ==============================
[0m17:44:07.522008 [info ] [MainThread]: Running with dbt=1.11.0-rc3
[0m17:44:07.522532 [debug] [MainThread]: running dbt with arguments {'version_check': 'True', 'no_print': 'None', 'static_parser': 'True', 'warn_error_options': 'WarnErrorOptionsV2(error=[], warn=[], silence=[])', 'target_path': 'None', 'printer_width': '80', 'write_json': 'True', 'introspect': 'True', 'log_cache_events': 'False', 'empty': 'None', 'cache_selected_only': 'False', 'fail_fast': 'False', 'debug': 'False', 'log_format': 'default', 'partial_parse': 'True', 'send_anonymous_usage_stats': 'True', 'quiet': 'False', 'warn_error': 'None', 'profiles_dir': 'C:\\Users\\wegagen\\.dbt', 'indirect_selection': 'eager', 'invocation_command': 'dbt init my_dbt_project', 'use_colors': 'True', 'use_experimental_parser': 'False', 'log_path': 'logs'}
[0m17:44:07.542266 [debug] [MainThread]: Starter project path: E:\Portfolio\crypto_etl_project\venv\Lib\site-packages\dbt\include\starter_project
[0m17:44:07.577682 [info ] [MainThread]: 
Your new dbt project "my_dbt_project" was created!

For more information on how to configure the profiles.yml file,
please consult the dbt documentation here:

  https://docs.getdbt.com/docs/configure-your-profile

One more thing:

Need help? Don't hesitate to reach out to us via GitHub issues or on Slack:

  https://community.getdbt.com/

Happy modeling!

[0m17:44:07.578478 [info ] [MainThread]: Setting up your profile.
[0m17:47:47.555804 [info ] [MainThread]: Profile my_dbt_project written to C:\Users\wegagen\.dbt\profiles.yml using target's profile_template.yml and your supplied values. Run 'dbt debug' to validate the connection.
[0m17:47:47.557909 [debug] [MainThread]: Command `dbt init` succeeded at 17:47:47.557726 after 220.20 seconds
[0m17:47:47.558417 [debug] [MainThread]: Sending event: {'category': 'dbt', 'action': 'invocation', 'label': 'end', 'context': [<snowplow_tracker.self_describing_json.SelfDescribingJson object at 0x000001756E118E90>, <snowplow_tracker.self_describing_json.SelfDescribingJson object at 0x000001756E1403B0>, <snowplow_tracker.self_describing_json.SelfDescribingJson object at 0x000001756E0A2030>]}
[0m17:47:47.558906 [debug] [MainThread]: Flushing usage events
[0m17:47:48.610482 [debug] [MainThread]: An error was encountered while trying to flush usage events
